{"level":"warn","message":"Ruta no encontrada /favicon.ico"}
{"level":"warn","message":"Ruta no encontrada /favicon.ico"}
{"level":"warn","message":"Ruta no encontrada /favicon.ico"}
{"level":"warn","message":"Ruta no encontrada /favicon.ico"}
{"level":"warn","message":"Ruta no encontrada /favicon.ico"}
{"level":"warn","message":"Ruta no encontrada /favicon.ico"}
{"level":"warn","message":"Ruta no encontrada /favicon.ico"}
{"level":"warn","message":"Ruta no encontrada /favicon.ico"}
{"level":"warn","message":"Ruta no encontrada /favicon.ico"}
{"level":"warn","message":"Ruta no encontrada /favicon.ico"}
{"level":"warn","message":"Ruta no encontrada /favicon.ico"}
{"level":"warn","message":"Ruta no encontrada /favicon.ico"}
{"level":"warn","message":"Ruta no encontrada /favicon.ico"}
{"level":"warn","message":"Ruta no encontrada /favicon.ico"}
{"level":"warn","message":"Ruta no encontrada /favicon.ico"}
{"level":"warn","message":"Ruta no encontrada /favicon.ico"}
{"level":"warn","message":"Ruta no encontrada /favicon.ico"}
{"level":"warn","message":"Ruta no encontrada /favicon.ico"}
{"level":"warn","message":"Ruta no encontrada /favicon.ico"}
{"level":"warn","message":"Ruta no encontrada /favicon.ico"}
{"level":"warn","message":"Ruta no encontrada /favicon.ico"}
{"level":"warn","message":"Ruta no encontrada /favicon.ico"}
{"level":"warn","message":"Ruta no encontrada /favicon.ico"}
{"level":"warn","message":"Ruta no encontrada /favicon.ico"}
{"level":"warn","message":"Ruta no encontrada /favicon.ico"}
{"level":"warn","message":"Ruta no encontrada /favicon.ico"}
{"level":"warn","message":"Ruta no encontrada /favicon.ico"}
{"level":"warn","message":"Ruta no encontrada /favicon.ico"}
{"level":"warn","message":"Ruta no encontrada /favicon.ico"}
{"level":"warn","message":"Ruta no encontrada /favicon.ico"}
{"level":"warn","message":"Ruta no encontrada /favicon.ico"}
{"level":"warn","message":"Ruta no encontrada /api/random?num="}
{"level":"warn","message":"Ruta no encontrada /favicon.ico"}
{"level":"warn","message":"Ruta no encontrada /favicon.ico"}
{"level":"warn","message":"Ruta no encontrada /favicon.ico"}
{"level":"warn","message":"Ruta no encontrada /favicon.ico"}
{"level":"warn","message":"Ruta no encontrada /favicon.ico"}
{"level":"warn","message":"Ruta no encontrada /favicon.ico"}
{"level":"warn","message":"Ruta no encontrada /favicon.ico"}
{"level":"warn","message":"Ruta no encontrada /favicon.ico"}
{"level":"warn","message":"Ruta no encontrada /favicon.ico"}
{"level":"warn","message":"Ruta no encontrada /favicon.ico"}
{"level":"warn","message":"Ruta no encontrada /favicon.ico"}
{"level":"warn","message":"Ruta no encontrada /favicon.ico"}
{"level":"warn","message":"Ruta no encontrada /favicon.ico"}
{"level":"warn","message":"Ruta no encontrada /favicon.ico"}
{"level":"error","message":"Soy una prueba"}
{"level":"warn","message":"Ruta no encontrada /favicon.ico"}
{"level":"error","message":"Soy una prueba"}
{"level":"warn","message":"Ruta no encontrada /favicon.ico"}
{"level":"error","message":"Soy una prueba"}
{"level":"warn","message":"Ruta no encontrada /favicon.ico"}
{"level":"error","message":"Soy una prueba"}
{"level":"warn","message":"Ruta no encontrada /info4"}
{"level":"error","message":"Soy una prueba"}
{"level":"warn","message":"Ruta no encontrada /favicon.ico"}
{"level":"error","message":"Soy una prueba"}
{"level":"warn","message":"Ruta no encontrada /favicon.ico"}
{"level":"warn","message":"Ruta no encontrada /favicon.ico"}
{"level":"warn","message":"Ruta no encontrada /favicon.ico"}
{"level":"warn","message":"Ruta no encontrada /favicon.ico"}
{"level":"warn","message":"Ruta no encontrada /favicon.ico"}
{"level":"warn","message":"Ruta no encontrada /favicon.ico"}
{"level":"warn","message":"Ruta no encontrada /favicon.ico"}
{"level":"warn","message":"Ruta no encontrada /favicon.ico"}
{"level":"warn","message":"Ruta no encontrada /favicon.ico"}
{"level":"warn","message":"Ruta no encontrada /favicon.ico"}
{"level":"warn","message":"Ruta no encontrada /favicon.ico"}
{"level":"warn","message":"Ruta no encontrada /favicon.ico"}
{"level":"warn","message":"Ruta no encontrada /favicon.ico"}
{"level":"warn","message":"Ruta no encontrada /favicon.ico"}
{"level":"warn","message":"Ruta no encontrada /favicon.ico"}
{"level":"warn","message":"Ruta no encontrada /favicon.ico"}
{"level":"warn","message":"Ruta no encontrada /favicon.ico"}
{"level":"warn","message":"Ruta no encontrada /favicon.ico"}
{"level":"warn","message":"Ruta no encontrada /favicon.ico"}
{"level":"warn","message":"Ruta no encontrada /favicon.ico"}
{"level":"warn","message":"Ruta no encontrada /favicon.ico"}
{"level":"warn","message":"Ruta no encontrada /favicon.ico"}
{"level":"warn","message":"Ruta no encontrada /favicon.ico"}
{"level":"warn","message":"Ruta no encontrada /favicon.ico"}
{"level":"warn","message":"Ruta no encontrada /favicon.ico"}
{"level":"warn","message":"Ruta no encontrada /favicon.ico"}
{"level":"warn","message":"Ruta no encontrada /favicon.ico"}
{"level":"warn","message":"Ruta no encontrada /favicon.ico"}
{"level":"warn","message":"Ruta no encontrada /favicon.ico"}
{"level":"warn","message":"Ruta no encontrada /favicon.ico"}
{"level":"warn","message":"Ruta no encontrada /favicon.ico"}
{"level":"warn","message":"Ruta no encontrada /favicon.ico"}
{"level":"warn","message":"Ruta no encontrada /favicon.ico"}
{"level":"warn","message":"Ruta no encontrada /favicon.ico"}
{"level":"warn","message":"Ruta no encontrada /favicon.ico"}
{"level":"warn","message":"Ruta no encontrada /favicon.ico"}
{"level":"warn","message":"Ruta no encontrada /favicon.ico"}
{"level":"warn","message":"Ruta no encontrada /favicon.ico"}
{"level":"warn","message":"Ruta no encontrada /favicon.ico"}
{"level":"warn","message":"Ruta no encontrada /favicon.ico"}
{"level":"warn","message":"Ruta no encontrada /favicon.ico"}
{"level":"warn","message":"Ruta no encontrada /favicon.ico"}
{"level":"warn","message":"Ruta no encontrada /favicon.ico"}
{"level":"warn","message":"Ruta no encontrada /favicon.ico"}
{"level":"warn","message":"Ruta no encontrada /favicon.ico"}
{"level":"warn","message":"Ruta no encontrada /favicon.ico"}
{"level":"warn","message":"Ruta no encontrada /favicon.ico"}
{"level":"warn","message":"Ruta no encontrada /favicon.ico"}
{"level":"warn","message":"Ruta no encontrada /favicon.ico"}
{"level":"warn","message":"Ruta no encontrada /favicon.ico"}
{"level":"warn","message":"Ruta no encontrada /favicon.ico"}
{"level":"warn","message":"Ruta no encontrada /favicon.ico"}
{"level":"warn","message":"Ruta no encontrada /favicon.ico"}
{"level":"warn","message":"Ruta no encontrada /favicon.ico"}
{"level":"warn","message":"Ruta no encontrada /favicon.ico"}
{"level":"warn","message":"Ruta no encontrada /favicon.ico"}
{"level":"warn","message":"Ruta no encontrada /favicon.ico"}
{"level":"warn","message":"Ruta no encontrada /favicon.ico"}
{"level":"warn","message":"Ruta no encontrada /favicon.ico"}
{"level":"warn","message":"Ruta no encontrada /favicon.ico"}
{"level":"warn","message":"Ruta no encontrada /favicon.ico"}
{"level":"warn","message":"Ruta no encontrada /favicon.ico"}
{"level":"warn","message":"Ruta no encontrada /favicon.ico"}
{"level":"warn","message":"Ruta no encontrada /favicon.ico"}
{"level":"warn","message":"Ruta no encontrada /favicon.ico"}
{"level":"warn","message":"Ruta no encontrada /favicon.ico"}
{"level":"warn","message":"Ruta no encontrada /favicon.ico"}
{"level":"warn","message":"Ruta no encontrada /favicon.ico"}
{"level":"warn","message":"Ruta no encontrada /favicon.ico"}
{"level":"warn","message":"Ruta no encontrada /favicon.ico"}
{"level":"warn","message":"Ruta no encontrada /favicon.ico"}
{"level":"warn","message":"Ruta no encontrada /favicon.ico"}
{"level":"warn","message":"Ruta no encontrada /favicon.ico"}
{"level":"warn","message":"Ruta no encontrada /favicon.ico"}
{"level":"warn","message":"Ruta no encontrada /favicon.ico"}
{"level":"warn","message":"Ruta no encontrada /favicon.ico"}
{"level":"warn","message":"Ruta no encontrada /favicon.ico"}
{"level":"warn","message":"Ruta no encontrada /favicon.ico"}
{"level":"warn","message":"Ruta no encontrada /favicon.ico"}
{"level":"warn","message":"Ruta no encontrada /favicon.ico"}
{"level":"warn","message":"Ruta no encontrada /favicon.ico"}
{"level":"warn","message":"Ruta no encontrada /favicon.ico"}
{"level":"warn","message":"Ruta no encontrada /favicon.ico"}
{"level":"warn","message":"Ruta no encontrada /favicon.ico"}
{"level":"error","message":"Se excedieron la cantidad de productos a mostrar"}
{"level":"warn","message":"Ruta no encontrada /favicon.ico"}
